  Buffer.cpp
D:\STUDIAII\metody i algorytmy\MIAGKzadania\MIAGKzadania\MIAGKzadania\include\flt.h(12,30): warning C4305: "inicjowanie": obcięcie z "double" do "const flt"
  (kompilowanie pliku źródłowego „Buffer.cpp”)
  
D:\STUDIAII\metody i algorytmy\MIAGKzadania\MIAGKzadania\MIAGKzadania\include\Vector4.h(115,28): warning C4244: "argument": konwersja z "double" do "const flt", możliwa utrata danych
  (kompilowanie pliku źródłowego „Buffer.cpp”)
  
D:\STUDIAII\metody i algorytmy\MIAGKzadania\MIAGKzadania\MIAGKzadania\include\Vector3.h(30,28): warning C4244: "argument": konwersja z "const double" do "const flt", możliwa utrata danych
  (kompilowanie pliku źródłowego „Buffer.cpp”)
  
D:\STUDIAII\metody i algorytmy\MIAGKzadania\MIAGKzadania\MIAGKzadania\Buffer.cpp(8,15): warning C4244: "=": konwersja z "int" do "float", możliwa utrata danych
D:\STUDIAII\metody i algorytmy\MIAGKzadania\MIAGKzadania\MIAGKzadania\Buffer.cpp(10,16): warning C4244: "=": konwersja z "int" do "float", możliwa utrata danych
D:\STUDIAII\metody i algorytmy\MIAGKzadania\MIAGKzadania\MIAGKzadania\Buffer.cpp(11,14): warning C4244: "=": konwersja z "int" do "float", możliwa utrata danych
D:\STUDIAII\metody i algorytmy\MIAGKzadania\MIAGKzadania\MIAGKzadania\Buffer.cpp(18,14): warning C4244: "=": konwersja z "int" do "float", możliwa utrata danych
D:\STUDIAII\metody i algorytmy\MIAGKzadania\MIAGKzadania\MIAGKzadania\Buffer.cpp(19,15): warning C4244: "argument": konwersja z "float" do "const unsigned __int64", możliwa utrata danych
D:\STUDIAII\metody i algorytmy\MIAGKzadania\MIAGKzadania\MIAGKzadania\Buffer.cpp(20,15): warning C4244: "argument": konwersja z "float" do "const unsigned __int64", możliwa utrata danych
D:\Microsoft Visual Studio2022\Community\VC\Tools\MSVC\14.39.33519\include\xutility(5027,24): warning C4244: "=": konwersja z "const _Ty" do "float", możliwa utrata danych
D:\Microsoft Visual Studio2022\Community\VC\Tools\MSVC\14.39.33519\include\xutility(5027,24): warning C4244:         with
D:\Microsoft Visual Studio2022\Community\VC\Tools\MSVC\14.39.33519\include\xutility(5027,24): warning C4244:         [
D:\Microsoft Visual Studio2022\Community\VC\Tools\MSVC\14.39.33519\include\xutility(5027,24): warning C4244:             _Ty=unsigned int
D:\Microsoft Visual Studio2022\Community\VC\Tools\MSVC\14.39.33519\include\xutility(5027,24): warning C4244:         ]
  (kompilowanie pliku źródłowego „Buffer.cpp”)
  D:\Microsoft Visual Studio2022\Community\VC\Tools\MSVC\14.39.33519\include\xutility(5027,24):
  kontekst tworzenia wystąpienia szablonu (najpierw najstarszy) to
  	D:\STUDIAII\metody i algorytmy\MIAGKzadania\MIAGKzadania\MIAGKzadania\Buffer.cpp(30,7):
  	zobacz odwołanie do kompilowanego tworzenia wystąpienia „void std::fill<std::_Vector_iterator<std::_Vector_val<std::_Simple_types<_Ty>>>,unsigned int>(const _FwdIt,const _FwdIt,const unsigned int &)” funkcji szablon
          with
          [
              _Ty=float,
              _FwdIt=std::_Vector_iterator<std::_Vector_val<std::_Simple_types<float>>>
          ]
  
  MIAGKzadania.vcxproj -> D:\STUDIAII\metody i algorytmy\MIAGKzadania\MIAGKzadania\x64\Debug\MIAGKzadania.exe
